[Message:   BepInEx] BepInEx 5.4.15.0 - valheim (21.05.2021 11:13:31)
[Info   :   BepInEx] Running under Unity v2019.4.24.6137584
[Info   :   BepInEx] CLR runtime version: 4.0.30319.42000
[Info   :   BepInEx] Supports SRE: True
[Info   :   BepInEx] System platform: Bits64, Windows
[Message:   BepInEx] Preloader started
[Info   :   BepInEx] Loaded 1 patcher method from [BepInEx.Preloader 5.4.15.0]
[Info   :   BepInEx] 1 patcher plugin loaded
[Info   :   BepInEx] Patching [UnityEngine.CoreModule] with [BepInEx.Chainloader]
[Message:   BepInEx] Preloader finished
[Message:   BepInEx] Chainloader ready
[Message:   BepInEx] Chainloader started
[Info   :   BepInEx] 7 plugins to load
[Info   :   BepInEx] Loading [PlantEverything 1.8.2]
[Info   : PlantEverything] Initialized Server Authoritative Config Manager.
[Info   :   BepInEx] Loading [Craft From Containers 2.2.0]
[Info   :   BepInEx] Loading [kgladder 0.2.0]
[Info   :   BepInEx] Loading [Valheim Plus 0.9.9]
[Info   :Valheim Plus] Trying to load the configuration file
[Info   : Unity Log] Loading config section AdvancedBuildingMode
[Info   : Unity Log]  Section not enabled
[Info   : Unity Log] Loading config section AdvancedEditingMode
[Info   : Unity Log]  Section not enabled
[Info   : Unity Log] Loading config section Bed
[Info   : Unity Log]  Section not enabled
[Info   : Unity Log] Loading config section Beehive
[Info   : Unity Log]  Section not enabled
[Info   : Unity Log] Loading config section Building
[Info   : Unity Log]  Section not enabled
[Info   : Unity Log] Loading config section Deconstruct
[Info   : Unity Log]  Section not enabled
[Info   : Unity Log] Loading config section Inventory
[Info   : Unity Log]  Section not enabled
[Info   : Unity Log] Loading config section Items
[Info   : Unity Log]  Section not enabled
[Info   : Unity Log] Loading config section Fermenter
[Info   : Unity Log]  Section not enabled
[Info   : Unity Log] Loading config section FireSource
[Info   : Unity Log]  Section not enabled
[Info   : Unity Log] Loading config section Food
[Info   : Unity Log]  Section not enabled
[Info   : Unity Log] Loading config section Smelter
[Info   : Unity Log]  Section not enabled
[Info   : Unity Log] Loading config section Furnace
[Info   : Unity Log]  Section not enabled
[Info   : Unity Log] Loading config section Hotkeys
[Info   : Unity Log]  Section not enabled
[Info   : Unity Log] Loading config section Kiln
[Info   : Unity Log]  Section not enabled
[Info   : Unity Log] Loading config section Windmill
[Info   : Unity Log]  Section not enabled
[Info   : Unity Log] Loading config section SpinningWheel
[Info   : Unity Log]  Section not enabled
[Info   : Unity Log] Loading config section Map
[Info   : Unity Log]  Section not enabled
[Info   : Unity Log] Loading config section Player
[Info   : Unity Log]  Section not enabled
[Info   : Unity Log] Loading config section Server
[Info   : Unity Log]  Loading key maxPlayers
[Info   : Unity Log]  Loading key disableServerPassword
[Info   : Unity Log]  Loading key enforceMod
[Info   : Unity Log]  Loading key serverSyncsConfig
[Info   : Unity Log]  Loading key serverSyncHotkeys
[Info   : Unity Log] Loading config section Stamina
[Info   : Unity Log]  Section not enabled
[Info   : Unity Log] Loading config section StaminaUsage
[Info   : Unity Log]  Section not enabled
[Info   : Unity Log] Loading config section Workbench
[Info   : Unity Log]  Section not enabled
[Info   : Unity Log] Loading config section Time
[Info   : Unity Log]  Section not enabled
[Info   : Unity Log] Loading config section Ward
[Info   : Unity Log]  Section not enabled
[Info   : Unity Log] Loading config section StructuralIntegrity
[Info   : Unity Log]  Section not enabled
[Info   : Unity Log] Loading config section Tameable
[Info   : Unity Log]  Section not enabled
[Info   : Unity Log] Loading config section Hud
[Info   : Unity Log]  Section not enabled
[Info   : Unity Log] Loading config section Experience
[Info   : Unity Log]  Section not enabled
[Info   : Unity Log] Loading config section Camera
[Info   : Unity Log]  Section not enabled
[Info   : Unity Log] Loading config section Game
[Info   : Unity Log]  Section not enabled
[Info   : Unity Log] Loading config section Wagon
[Info   : Unity Log]  Section not enabled
[Info   : Unity Log] Loading config section Gathering
[Info   : Unity Log]  Section not enabled
[Info   : Unity Log] Loading config section Pickable
[Info   : Unity Log]  Section not enabled
[Info   : Unity Log] Loading config section Durability
[Info   : Unity Log]  Section not enabled
[Info   : Unity Log] Loading config section Armor
[Info   : Unity Log]  Section not enabled
[Info   : Unity Log] Loading config section FreePlacementRotation
[Info   : Unity Log]  Section not enabled
[Info   : Unity Log] Loading config section Shields
[Info   : Unity Log]  Section not enabled
[Info   : Unity Log] Loading config section FirstPerson
[Info   : Unity Log]  Section not enabled
[Info   : Unity Log] Loading config section GridAlignment
[Info   : Unity Log]  Section not enabled
[Info   : Unity Log] Loading config section CraftFromChest
[Info   : Unity Log]  Section not enabled
[Info   : Unity Log] Loading config section ValheimPlus
[Info   : Unity Log]  Loading key mainMenuLogo
[Info   : Unity Log]  Loading key serverBrowserAdvertisement
[Info   : Unity Log] Loading config section PlayerProjectile
[Info   : Unity Log]  Section not enabled
[Info   : Unity Log] Loading config section MonsterProjectile
[Info   : Unity Log]  Section not enabled
[Info   : Unity Log] Loading config section GameClock
[Info   : Unity Log]  Section not enabled
[Info   : Unity Log] Loading config section Brightness
[Info   : Unity Log]  Section not enabled
[Info   :Valheim Plus] Configuration file loaded succesfully.
[Info   :Valheim Plus] ValheimPlus [0.9.9] is up to date.
[Info   :   BepInEx] Loading [Display BepInEx Info In-Game 2.0.0]
[Info   :   BepInEx] Loading [Equipment and Quick Slots 2.0.14]
[Info   :   BepInEx] Loading [MassFarming 1.0]
[Message:   BepInEx] Chainloader startup complete
[Info   : Unity Log] 09/19/2021 15:32:12: Starting to load scene:start

[Warning: Unity Log] Only custom filters can be played. Please add a custom filter or an audioclip to the audiosource (Amb_MainMenu).
[Info   : Unity Log] Version generator started.
[Info   : Unity Log] Version generated with enforced mod : 0.202.19@0.9.9
[Info   : Unity Log] 09/19/2021 15:32:15: Valheim version:0.202.19@0.9.9

[Info   : Unity Log] Version generator started.
[Info   : Unity Log] Version generated with enforced mod : 0.202.19@0.9.9
[Info   : Unity Log] 09/19/2021 15:32:15: Render threading mode:MultiThreaded

[Info   : Unity Log] Version generator started.
[Info   : Unity Log] Version generated with enforced mod : 0.202.19@0.9.9
[Info   : Unity Log] 09/19/2021 15:32:15: Using environment steamid 892970

[Info   : Unity Log] 09/19/2021 15:32:15: Using steam APPID:892970

[Info   : Unity Log] 09/19/2021 15:32:15: Authentication:k_ESteamNetworkingAvailability_Attempting

[Info   : Unity Log] 09/19/2021 15:32:15: Steam initialized, persona:Renegade1821

[Warning: Unity Log] 09/19/2021 15:32:15: Missing audio clip in music respawn

[Info   : Unity Log] 09/19/2021 15:32:15: Checking for installed DLCs

[Info   : Unity Log] 09/19/2021 15:32:15: DLC:beta installed:False

[Info   : Unity Log] Version generator started.
[Info   : Unity Log] Version generated with enforced mod : 0.202.19@0.9.9
[Info   : Unity Log] 09/19/2021 15:32:16: Loaded localization CSV:localization language:English

[Info   : Unity Log] 09/19/2021 15:32:16: Loaded localization CSV:localization_extra language:English

[Info   : Unity Log] 09/19/2021 15:32:16: Loaded localization CSV:localization language:English

[Info   : Unity Log] 09/19/2021 15:32:16: Loaded localization CSV:localization_extra language:English

[Info   : Unity Log] 09/19/2021 15:32:16: UI Group status changed Menu = True

[Info   : Unity Log] 09/19/2021 15:32:18: UI Group status changed Menu = True

[Info   : Unity Log] 09/19/2021 15:32:20: FOund selected Start game

[Info   : Unity Log] 09/19/2021 15:32:20: show character selection

[Info   : Unity Log] 09/19/2021 15:32:21: OnCharacterStart

[Info   : Unity Log] 09/19/2021 15:32:25: connect to ip:161.97.131.42 port:33400

[Info   : Unity Log] 09/19/2021 15:32:25: Serverlist does not contain selected server, clearing

[Info   : Unity Log] Version generator started.
[Info   : Unity Log] Version generated with enforced mod : 0.202.19@0.9.9
[Info   : Unity Log] 09/19/2021 15:32:27: Loading player profile balaries

[Info   : Unity Log] 09/19/2021 15:32:27: Zonesystem Awake 584

[Info   : Unity Log] 09/19/2021 15:32:27: DungeonDB Awake 584

[Info   : Unity Log] 09/19/2021 15:32:27: Steam initialized, persona:Renegade1821

[Info   : Unity Log] 09/19/2021 15:32:27: Audioman already exist, destroying self

[Info   : Unity Log] Version generator started.
[Info   : Unity Log] Version generated with enforced mod : 0.202.19@0.9.9
[Info   : Unity Log] 09/19/2021 15:32:27: Checking for installed DLCs

[Info   : Unity Log] 09/19/2021 15:32:27: DLC:beta installed:False

[Info   : PlantEverything] Authoritative Config Registered
[Info   : Unity Log] 09/19/2021 15:32:29: Zonesystem Start 584

[Info   : Unity Log] 09/19/2021 15:32:30: Added 3 locations from locations_cp1

[Info   : Unity Log] 09/19/2021 15:32:30: DungeonDB Start 584

[Info   : Unity Log] 09/19/2021 15:32:30: Connecting to server 161.97.131.42:33400

[Info   : Unity Log] 09/19/2021 15:32:30: Starting to connect to 161.97.131.42:33400

[Info   : Unity Log] 09/19/2021 15:32:30: Got status changed msg k_ESteamNetworkingConnectionState_Connecting

[Info   : Unity Log] 09/19/2021 15:32:30: New connection

[Info   : Unity Log] 09/19/2021 15:32:30: Got status changed msg k_ESteamNetworkingConnectionState_Connected

[Info   : Unity Log] 09/19/2021 15:32:30: Connected

[Info   : Unity Log] 09/19/2021 15:32:30: Got connection SteamID 90151353255044101

[Info   : Unity Log] Version generator started.
[Info   : Unity Log] Version generated with enforced mod : 0.202.19@0.9.9
[Info   : Unity Log] Version generator started.
[Info   : Unity Log] Version generated with enforced mod : 0.202.19@0.9.9
[Info   : Unity Log] 09/19/2021 15:32:34: VERSION check their:0.202.19@0.9.9  mine:0.202.19@0.9.9

[Info   : Unity Log] Version generator started.
[Info   : Unity Log] Version generated with enforced mod : 0.202.19@0.9.9
[Info   : PlantEverything] Authoritative Config Requested
[Info   : Unity Log] 09/19/2021 15:32:36: -------------------- SENDING VPLUGCONFIGSYNC REQUEST

[Info   : Unity Log] 09/19/2021 15:32:36: client got keys 4

[Info   : Unity Log] 09/19/2021 15:32:36: client got location icons

[Info   : Unity Log] 09/19/2021 15:32:36: Icons:2

[Info   : Unity Log] 09/19/2021 15:32:36: Session auth respons callback

[Info   : Unity Log] 09/19/2021 15:32:44: Unpacking compressed mapdata 21587

[Info   : Unity Log] 09/19/2021 15:32:44: Starting respawn

[Info   : PlantEverything] Applied 64 config pairs
[Info   : Unity Log] Loading config section AdvancedBuildingMode
[Info   : Unity Log]  Loading key enterAdvancedBuildingMode
[Warning: Unity Log]  Could not load data of type UnityEngine.KeyCode for key enterAdvancedBuildingMode
[Info   : Unity Log]  Loading key exitAdvancedBuildingMode
[Warning: Unity Log]  Could not load data of type UnityEngine.KeyCode for key exitAdvancedBuildingMode
[Info   : Unity Log]  Loading key copyObjectRotation
[Warning: Unity Log]  Could not load data of type UnityEngine.KeyCode for key copyObjectRotation
[Info   : Unity Log]  Loading key pasteObjectRotation
[Warning: Unity Log]  Could not load data of type UnityEngine.KeyCode for key pasteObjectRotation
[Info   : Unity Log]  Loading key increaseScrollSpeed
[Warning: Unity Log]  Could not load data of type UnityEngine.KeyCode for key increaseScrollSpeed
[Info   : Unity Log]  Loading key decreaseScrollSpeed
[Warning: Unity Log]  Could not load data of type UnityEngine.KeyCode for key decreaseScrollSpeed
[Info   : Unity Log] Loading config section AdvancedEditingMode
[Info   : Unity Log]  Section not enabled
[Info   : Unity Log] Loading config section Bed
[Info   : Unity Log]  Section not enabled
[Info   : Unity Log] Loading config section Beehive
[Info   : Unity Log]  Loading key honeyProductionSpeed
[Info   : Unity Log]  Loading key maximumHoneyPerBeehive
[Info   : Unity Log]  Loading key autoDeposit
[Info   : Unity Log]  Loading key autoDepositRange
[Info   : Unity Log]  Loading key showDuration
[Info   : Unity Log] Loading config section Building
[Info   : Unity Log]  Loading key noInvalidPlacementRestriction
[Info   : Unity Log]  Loading key noMysticalForcesPreventPlacementRestriction
[Info   : Unity Log]  Loading key noWeatherDamage
[Info   : Unity Log]  Loading key maximumPlacementDistance
[Info   : Unity Log]  Loading key pieceComfortRadius
[Info   : Unity Log]  Loading key alwaysDropResources
[Info   : Unity Log]  Loading key alwaysDropExcludedResources
[Info   : Unity Log]  Loading key enableAreaRepair
[Info   : Unity Log]  Loading key areaRepairRadius
[Info   : Unity Log] Loading config section Deconstruct
[Info   : Unity Log]  Section not enabled
[Info   : Unity Log] Loading config section Inventory
[Info   : Unity Log]  Section not enabled
[Info   : Unity Log] Loading config section Items
[Info   : Unity Log]  Loading key noTeleportPrevention
[Info   : Unity Log]  Loading key baseItemWeightReduction
[Info   : Unity Log]  Loading key itemStackMultiplier
[Info   : Unity Log]  Loading key droppedItemOnGroundDurationInSeconds
[Info   : Unity Log] Loading config section Fermenter
[Info   : Unity Log]  Loading key fermenterDuration
[Info   : Unity Log]  Loading key fermenterItemsProduced
[Info   : Unity Log]  Loading key showDuration
[Info   : Unity Log]  Loading key autoDeposit
[Info   : Unity Log]  Loading key autoFuel
[Info   : Unity Log]  Loading key ignorePrivateAreaCheck
[Info   : Unity Log]  Loading key autoRange
[Info   : Unity Log] Loading config section FireSource
[Info   : Unity Log]  Section not enabled
[Info   : Unity Log] Loading config section Food
[Info   : Unity Log]  Loading key foodDurationMultiplier
[Info   : Unity Log]  Loading key disableFoodDegradation
[Info   : Unity Log] Loading config section Smelter
[Info   : Unity Log]  Section not enabled
[Info   : Unity Log] Loading config section Furnace
[Info   : Unity Log]  Loading key maximumOre
[Info   : Unity Log]  Loading key maximumCoal
[Info   : Unity Log]  Loading key coalUsedPerProduct
[Info   : Unity Log]  Loading key productionSpeed
[Info   : Unity Log]  Loading key autoDeposit
[Info   : Unity Log]  Loading key autoFuel
[Info   : Unity Log]  Loading key ignorePrivateAreaCheck
[Info   : Unity Log]  Loading key autoRange
[Info   : Unity Log]  Loading key allowAllOres
[Info   : Unity Log] Loading config section Hotkeys
[Info   : Unity Log]  Section not enabled
[Info   : Unity Log] Loading config section Kiln
[Info   : Unity Log]  Section not enabled
[Info   : Unity Log] Loading config section Windmill
[Info   : Unity Log]  Section not enabled
[Info   : Unity Log] Loading config section SpinningWheel
[Info   : Unity Log]  Section not enabled
[Info   : Unity Log] Loading config section Map
[Info   : Unity Log]  Section not enabled
[Info   : Unity Log] Loading config section Player
[Info   : Unity Log]  Section not enabled
[Info   : Unity Log] Loading config section Server
[Info   : Unity Log]  Loading key maxPlayers
[Info   : Unity Log]  Loading key disableServerPassword
[Info   : Unity Log]  Loading key enforceMod
[Info   : Unity Log]  Loading key serverSyncsConfig
[Info   : Unity Log]  Loading key serverSyncHotkeys
[Info   : Unity Log] Loading config section Stamina
[Info   : Unity Log]  Loading key dodgeStaminaUsage
[Info   : Unity Log]  Loading key encumberedStaminaDrain
[Info   : Unity Log]  Loading key jumpStaminaDrain
[Info   : Unity Log]  Loading key runStaminaDrain
[Info   : Unity Log]  Loading key sneakStaminaDrain
[Info   : Unity Log]  Loading key staminaRegen
[Info   : Unity Log]  Loading key staminaRegenDelay
[Info   : Unity Log]  Loading key swimStaminaDrain
[Info   : Unity Log] Loading config section StaminaUsage
[Info   : Unity Log]  Section not enabled
[Info   : Unity Log] Loading config section Workbench
[Info   : Unity Log]  Loading key workbenchRange
[Info   : Unity Log]  Loading key workbenchEnemySpawnRange
[Info   : Unity Log]  Loading key workbenchAttachmentRange
[Info   : Unity Log]  Loading key disableRoofCheck
[Info   : Unity Log] Loading config section Time
[Info   : Unity Log]  Loading key totalDayTimeInSeconds
[Info   : Unity Log]  Loading key nightTimeSpeedMultiplier
[Info   : Unity Log] Loading config section Ward
[Info   : Unity Log]  Section not enabled
[Info   : Unity Log] Loading config section StructuralIntegrity
[Info   : Unity Log]  Section not enabled
[Info   : Unity Log] Loading config section Tameable
[Info   : Unity Log]  Section not enabled
[Info   : Unity Log] Loading config section Hud
[Info   : Unity Log]  Loading key showRequiredItems
[Info   : Unity Log]  Loading key experienceGainedNotifications
[Info   : Unity Log]  Loading key removeDamageFlash
[Info   : Unity Log]  Loading key displayBowAmmoCounts
[Info   : Unity Log] Loading config section Experience
[Info   : Unity Log]  Section not enabled
[Info   : Unity Log] Loading config section Camera
[Info   : Unity Log]  Section not enabled
[Info   : Unity Log] Loading config section Game
[Info   : Unity Log]  Section not enabled
[Info   : Unity Log] Loading config section Wagon
[Info   : Unity Log]  Section not enabled
[Info   : Unity Log] Loading config section Gathering
[Info   : Unity Log]  Section not enabled
[Info   : Unity Log] Loading config section Pickable
[Info   : Unity Log]  Section not enabled
[Info   : Unity Log] Loading config section Durability
[Info   : Unity Log]  Section not enabled
[Info   : Unity Log] Loading config section Armor
[Info   : Unity Log]  Section not enabled
[Info   : Unity Log] Loading config section FreePlacementRotation
[Info   : Unity Log]  Section not enabled
[Info   : Unity Log] Loading config section Shields
[Info   : Unity Log]  Section not enabled
[Info   : Unity Log] Loading config section FirstPerson
[Info   : Unity Log]  Section not enabled
[Info   : Unity Log] Loading config section GridAlignment
[Info   : Unity Log]  Section not enabled
[Info   : Unity Log] Loading config section CraftFromChest
[Info   : Unity Log]  Section not enabled
[Info   : Unity Log] Loading config section ValheimPlus
[Info   : Unity Log]  Loading key mainMenuLogo
[Info   : Unity Log]  Loading key serverBrowserAdvertisement
[Info   : Unity Log] Loading config section PlayerProjectile
[Info   : Unity Log]  Section not enabled
[Info   : Unity Log] Loading config section MonsterProjectile
[Info   : Unity Log]  Section not enabled
[Info   : Unity Log] Loading config section GameClock
[Info   : Unity Log]  Section not enabled
[Info   : Unity Log] Loading config section Brightness
[Info   : Unity Log]  Section not enabled
[Info   : Unity Log] 09/19/2021 15:32:45: Successfully synced VPlus configuration from server.

[Info   : Unity Log] 09/19/2021 15:32:45: tip:$loadscreen_tip23

[Info   : Unity Log] 09/19/2021 15:32:49: Force generaeting hmap (128.0, 0.0, 128.0)

[Info   : Unity Log] 09/19/2021 15:32:53: Spawned after 8,019994

[Info   : Unity Log] 09/19/2021 15:32:53: Minimap: Adding unique location (-60.8, 45.2, -4.5)

[Info   : Unity Log] 09/19/2021 15:32:53: Minimap: Adding unique location (-250.1, 38.9, -1802.8)

[Info   : Unity Log] 09/19/2021 15:32:55: Resumed music meadows at 0

[Info   : Unity Log] 09/19/2021 15:32:58: Setting selected recipe 0

[Info   : Unity Log] 09/19/2021 15:32:58: UI Group status changed root = True

[Info   : Unity Log] 09/19/2021 15:32:58: UI Group status changed Player = True

[Info   : Unity Log] 09/19/2021 15:33:00: Setting selected recipe 0

[Info   : Unity Log] 09/19/2021 15:33:02: UI Group status changed root = False

[Info   : Unity Log] 09/19/2021 15:33:02: UI Group status changed Player = False

[Info   : Unity Log] 09/19/2021 15:33:02: UI Group status changed SplitDialog = True

[Info   : Unity Log] 09/19/2021 15:33:03: UI Group status changed root = True

[Info   : Unity Log] 09/19/2021 15:33:03: UI Group status changed Player = True

[Info   : Unity Log] 09/19/2021 15:33:03: drop all 12  12

[Info   : Unity Log] 09/19/2021 15:33:03: Item is not in this container

[Info   : Unity Log] 09/19/2021 15:33:05: Setting selected recipe 0

[Info   : Unity Log] 09/19/2021 15:33:06: Setting selected recipe 0

[Info   : Unity Log] 09/19/2021 15:33:07: Right back item Hammer

[Info   : Unity Log] 09/19/2021 15:33:08: Right back item 

[Info   : Unity Log] 09/19/2021 15:33:08: Right back item Hammer

[Info   : Unity Log] 09/19/2021 15:33:09: Right back item 

[Info   : Unity Log] 09/19/2021 15:33:09: Right back item Hammer

[Info   : Unity Log] 09/19/2021 15:33:11: Right back item 

[Info   : Unity Log] 09/19/2021 15:33:11: Right back item Hammer

[Info   : Unity Log] 09/19/2021 15:33:12: Setting selected recipe 0

[Info   : Unity Log] 09/19/2021 15:33:12: UI Group status changed root = True

[Info   : Unity Log] 09/19/2021 15:33:12: UI Group status changed Player = True

[Info   : Unity Log] 09/19/2021 15:33:13: Right back item 

[Info   : Unity Log] 09/19/2021 15:33:13: drop all 1  1

[Info   : Unity Log] 09/19/2021 15:33:13: Item is not in this container

[Info   : Unity Log] 09/19/2021 15:33:15: Setting selected recipe 0

[Info   : Unity Log] 09/19/2021 15:33:17: Right back item MaceBronze

[Info   : Unity Log] 09/19/2021 15:33:17: Right back item 

[Info   : Unity Log] 09/19/2021 15:33:18: Right back item MaceBronze

[Info   : Unity Log] 09/19/2021 15:33:18: Right back item 

[Info   : Unity Log] 09/19/2021 15:33:20: Setting selected recipe 0

[Info   : Unity Log] 09/19/2021 15:33:20: UI Group status changed root = True

[Info   : Unity Log] 09/19/2021 15:33:20: UI Group status changed Player = True

[Info   : Unity Log] 09/19/2021 15:33:21: Setting selected recipe 0

[Info   : Unity Log] 09/19/2021 15:33:21: UI Group status changed root = True

[Info   : Unity Log] 09/19/2021 15:33:21: UI Group status changed Player = True

[Info   : Unity Log] 09/19/2021 15:33:22: Item is not in this container

[Info   : Unity Log] 09/19/2021 15:33:22: Item is not in this container

[Info   : Unity Log] 09/19/2021 15:33:22: Item is not in this container

[Info   : Unity Log] 09/19/2021 15:33:22: Setting selected recipe 0

[Info   : Unity Log] 09/19/2021 15:33:23: Right back item Hammer

[Info   : Unity Log] 09/19/2021 15:33:23: Right back item 

[Info   : Unity Log] 09/19/2021 15:33:23: Right back item Hammer

[Info   : Unity Log] 09/19/2021 15:33:24: Right back item 

[Info   : Unity Log] 09/19/2021 15:33:24: Right back item Hammer

[Info   : Unity Log] 09/19/2021 15:33:25: Setting selected recipe 0

[Info   : Unity Log] 09/19/2021 15:33:25: UI Group status changed root = True

[Info   : Unity Log] 09/19/2021 15:33:25: UI Group status changed Player = True

[Info   : Unity Log] 09/19/2021 15:33:25: Right back item 

[Info   : Unity Log] 09/19/2021 15:33:25: drop all 1  1

[Info   : Unity Log] 09/19/2021 15:33:25: Item is not in this container

[Info   : Unity Log] 09/19/2021 15:33:28: Setting selected recipe 0

[Info   : Unity Log] 09/19/2021 15:33:28: UI Group status changed root = True

[Info   : Unity Log] 09/19/2021 15:33:28: UI Group status changed Player = True

[Info   : Unity Log] 09/19/2021 15:33:30: Item is not in this container

[Info   : Unity Log] 09/19/2021 15:33:30: Item is not in this container

[Info   : Unity Log] 09/19/2021 15:33:30: Item is not in this container

[Info   : Unity Log] 09/19/2021 15:33:30: Setting selected recipe 0

[Info   : Unity Log] 09/19/2021 15:33:32: Setting selected recipe 0

[Info   : Unity Log] 09/19/2021 15:33:38: Setting selected recipe 0

[Info   : Unity Log] 09/19/2021 15:33:38: UI Group status changed root = True

[Info   : Unity Log] 09/19/2021 15:33:38: UI Group status changed Player = True

[Info   : Unity Log] 09/19/2021 15:33:42: drop all 1  1

[Info   : Unity Log] 09/19/2021 15:33:42: Item is not in this container

[Info   : Unity Log] 09/19/2021 15:33:43: Setting selected recipe 0

[Info   : Unity Log] 09/19/2021 15:33:46: Right back item Hammer

[Info   : Unity Log] 09/19/2021 15:33:47: Right back item 

[Info   : Unity Log] 09/19/2021 15:33:47: Right back item Hammer

[Info   : Unity Log] 09/19/2021 15:33:48: Setting selected recipe 0

[Info   : Unity Log] 09/19/2021 15:33:48: UI Group status changed root = True

[Info   : Unity Log] 09/19/2021 15:33:48: UI Group status changed Player = True

[Info   : Unity Log] 09/19/2021 15:33:50: Setting selected recipe 0

[Info   : Unity Log] 09/19/2021 15:33:52: Right back item 

[Info   : Unity Log] 09/19/2021 15:33:52: drop all 1  1

[Info   : Unity Log] 09/19/2021 15:33:52: Item is not in this container

[Info   : Unity Log] 09/19/2021 15:34:00: Setting selected recipe 0

[Info   : Unity Log] 09/19/2021 15:34:00: UI Group status changed root = True

[Info   : Unity Log] 09/19/2021 15:34:00: UI Group status changed Player = True

[Info   : Unity Log] 09/19/2021 15:34:04: Force generaeting hmap (128.0, 0.0, 128.0)

[Info   : Unity Log] 09/19/2021 15:34:16: Setting selected recipe 0

[Info   : Unity Log] 09/19/2021 15:34:16: UI Group status changed root = True

[Info   : Unity Log] 09/19/2021 15:34:16: UI Group status changed Player = True

[Info   : Unity Log] 09/19/2021 15:34:18: Stoped music meadows at 3685055

[Info   : Unity Log] 09/19/2021 15:34:18: Resumed music home at 0

[Info   : Unity Log] 09/19/2021 15:34:19: Player 497871869 wants to open piece_chest_wood(Clone)   im: 497871869

[Info   : Unity Log] 09/19/2021 15:34:19: Setting selected recipe 0

[Info   : Unity Log] 09/19/2021 15:34:19: UI Group status changed root = True

[Info   : Unity Log] 09/19/2021 15:34:19: UI Group status changed Player = True

[Info   : Unity Log] 09/19/2021 15:34:22: Player 497871869 wants to open piece_chest_wood(Clone)   im: 497871869

[Info   : Unity Log] 09/19/2021 15:34:22: Setting selected recipe 0

[Info   : Unity Log] 09/19/2021 15:34:22: UI Group status changed root = True

[Info   : Unity Log] 09/19/2021 15:34:22: UI Group status changed Player = True

[Info   : Unity Log] 09/19/2021 15:34:25: Setting selected recipe 0

[Info   : Unity Log] 09/19/2021 15:34:27: Setting selected recipe 0

[Info   : Unity Log] 09/19/2021 15:34:27: UI Group status changed root = True

[Info   : Unity Log] 09/19/2021 15:34:27: UI Group status changed Player = True

[Info   : Unity Log] 09/19/2021 15:34:30: Stoped music home at 534874

[Info   : Unity Log] 09/19/2021 15:34:30: Resumed music meadows at 3685055

[Info   : Unity Log] 09/19/2021 15:34:33: Player 497871869 wants to open piece_chest_wood(Clone)   im: 497871869

[Info   : Unity Log] 09/19/2021 15:34:33: Setting selected recipe 0

[Info   : Unity Log] 09/19/2021 15:34:33: UI Group status changed root = True

[Info   : Unity Log] 09/19/2021 15:34:33: UI Group status changed Player = True

[Info   : Unity Log] 09/19/2021 15:34:37: Setting selected recipe 0

[Info   : Unity Log] 09/19/2021 15:34:37: UI Group status changed root = True

[Info   : Unity Log] 09/19/2021 15:34:37: UI Group status changed Player = True

[Info   : Unity Log] 09/19/2021 15:34:38: Adding stagger damage:0

[Info   : Unity Log] 09/19/2021 15:34:40: drop all 1  1

[Info   : Unity Log] 09/19/2021 15:35:00: UI Group status changed MenuRoot = False

[Info   : Unity Log] 09/19/2021 15:35:02: Game - OnApplicationQuit

[Info   : Unity Log] 09/19/2021 15:35:02: Shuting down

[Info   : Unity Log] 09/19/2021 15:35:02: Uncompressed size 8391082

[Info   : Unity Log] 09/19/2021 15:35:02: Compressed size 21587

[Info   : Unity Log] Loading config section AdvancedBuildingMode
[Info   : Unity Log]  Section not enabled
[Info   : Unity Log] Loading config section AdvancedEditingMode
[Info   : Unity Log]  Section not enabled
[Info   : Unity Log] Loading config section Bed
[Info   : Unity Log]  Section not enabled
[Info   : Unity Log] Loading config section Beehive
[Info   : Unity Log]  Section not enabled
[Info   : Unity Log] Loading config section Building
[Info   : Unity Log]  Section not enabled
[Info   : Unity Log] Loading config section Deconstruct
[Info   : Unity Log]  Section not enabled
[Info   : Unity Log] Loading config section Inventory
[Info   : Unity Log]  Section not enabled
[Info   : Unity Log] Loading config section Items
[Info   : Unity Log]  Section not enabled
[Info   : Unity Log] Loading config section Fermenter
[Info   : Unity Log]  Section not enabled
[Info   : Unity Log] Loading config section FireSource
[Info   : Unity Log]  Section not enabled
[Info   : Unity Log] Loading config section Food
[Info   : Unity Log]  Section not enabled
[Info   : Unity Log] Loading config section Smelter
[Info   : Unity Log]  Section not enabled
[Info   : Unity Log] Loading config section Furnace
[Info   : Unity Log]  Section not enabled
[Info   : Unity Log] Loading config section Hotkeys
[Info   : Unity Log]  Section not enabled
[Info   : Unity Log] Loading config section Kiln
[Info   : Unity Log]  Section not enabled
[Info   : Unity Log] Loading config section Windmill
[Info   : Unity Log]  Section not enabled
[Info   : Unity Log] Loading config section SpinningWheel
[Info   : Unity Log]  Section not enabled
[Info   : Unity Log] Loading config section Map
[Info   : Unity Log]  Section not enabled
[Info   : Unity Log] Loading config section Player
[Info   : Unity Log]  Section not enabled
[Info   : Unity Log] Loading config section Server
[Info   : Unity Log]  Loading key maxPlayers
[Info   : Unity Log]  Loading key disableServerPassword
[Info   : Unity Log]  Loading key enforceMod
[Info   : Unity Log]  Loading key serverSyncsConfig
[Info   : Unity Log]  Loading key serverSyncHotkeys
[Info   : Unity Log] Loading config section Stamina
[Info   : Unity Log]  Section not enabled
[Info   : Unity Log] Loading config section StaminaUsage
[Info   : Unity Log]  Section not enabled
[Info   : Unity Log] Loading config section Workbench
[Info   : Unity Log]  Section not enabled
[Info   : Unity Log] Loading config section Time
[Info   : Unity Log]  Section not enabled
[Info   : Unity Log] Loading config section Ward
[Info   : Unity Log]  Section not enabled
[Info   : Unity Log] Loading config section StructuralIntegrity
[Info   : Unity Log]  Section not enabled
[Info   : Unity Log] Loading config section Tameable
[Info   : Unity Log]  Section not enabled
[Info   : Unity Log] Loading config section Hud
[Info   : Unity Log]  Section not enabled
[Info   : Unity Log] Loading config section Experience
[Info   : Unity Log]  Section not enabled
[Info   : Unity Log] Loading config section Camera
[Info   : Unity Log]  Section not enabled
[Info   : Unity Log] Loading config section Game
[Info   : Unity Log]  Section not enabled
[Info   : Unity Log] Loading config section Wagon
[Info   : Unity Log]  Section not enabled
[Info   : Unity Log] Loading config section Gathering
[Info   : Unity Log]  Section not enabled
[Info   : Unity Log] Loading config section Pickable
[Info   : Unity Log]  Section not enabled
[Info   : Unity Log] Loading config section Durability
[Info   : Unity Log]  Section not enabled
[Info   : Unity Log] Loading config section Armor
[Info   : Unity Log]  Section not enabled
[Info   : Unity Log] Loading config section FreePlacementRotation
[Info   : Unity Log]  Section not enabled
[Info   : Unity Log] Loading config section Shields
[Info   : Unity Log]  Section not enabled
[Info   : Unity Log] Loading config section FirstPerson
[Info   : Unity Log]  Section not enabled
[Info   : Unity Log] Loading config section GridAlignment
[Info   : Unity Log]  Section not enabled
[Info   : Unity Log] Loading config section CraftFromChest
[Info   : Unity Log]  Section not enabled
[Info   : Unity Log] Loading config section ValheimPlus
[Info   : Unity Log]  Loading key mainMenuLogo
[Info   : Unity Log]  Loading key serverBrowserAdvertisement
[Info   : Unity Log] Loading config section PlayerProjectile
[Info   : Unity Log]  Section not enabled
[Info   : Unity Log] Loading config section MonsterProjectile
[Info   : Unity Log]  Section not enabled
[Info   : Unity Log] Loading config section GameClock
[Info   : Unity Log]  Section not enabled
[Info   : Unity Log] Loading config section Brightness
[Info   : Unity Log]  Section not enabled
[Info   : Unity Log] 09/19/2021 15:35:03: ZNet Shutdown

[Info   : Unity Log] 09/19/2021 15:35:03: Sending disconnect msg

[Info   : Unity Log] 09/19/2021 15:35:03: Sent to 90151353255044101

[Info   : Unity Log] 09/19/2021 15:35:03: Released session ticket

[Info   : Unity Log] 09/19/2021 15:35:03: Disposing socket

[Info   : Unity Log] 09/19/2021 15:35:03: Closing socket 90151353255044101

[Info   : Unity Log] 09/19/2021 15:35:03:   send queue size:0

[Info   : Unity Log] 09/19/2021 15:35:03: Last socket, unregistering callback

[Info   : Unity Log] 09/19/2021 15:35:03: ZSteamSocket  UnregisterGlobalCallbacks, existing sockets:0

[Info   : Unity Log] 09/19/2021 15:35:03: Disposing socket

[Info   : Unity Log] 09/19/2021 15:35:03: Last socket, unregistering callback

[Info   : Unity Log] 09/19/2021 15:35:03: ZSteamSocket  UnregisterGlobalCallbacks, existing sockets:0

[Info   : Unity Log] 09/19/2021 15:35:05: FOund selected Button_yes

[Info   : Unity Log] 09/19/2021 15:35:05: ZNet OnDestroy

[Info   : Unity Log] 09/19/2021 15:35:05: Net scene destroyed

[Info   : Unity Log] 09/19/2021 15:35:06: Steam manager on destroy

[Warning: Unity Log] 09/19/2021 15:35:06: Local player destroyed

